<?xml version="1.0" encoding="UTF-8"?>
<!-- Generated by org.testng.reporters.JUnitXMLReporter -->
<testsuite hostname="JinpengHedeMacBook-Pro.local" ignored="0" name="接口测试" tests="21" failures="1" timestamp="05 九月 2019 10:38:23 GMT" time="12.831" errors="0">
  <testcase name="testGetHtml" time="2.047" classname="Baidu"/>
  <testcase name="testMp3" time="0.708" classname="Baidu"/>
  <testcase name="testToken" time="1.076" classname="TestGetToken"/>
  <testcase name="testSearch" time="0.283" classname="Xueqiu">
    <failure type="java.lang.AssertionError" message="1 expectation failed.
Expected status code &amp;lt;200&amp;gt; but was &amp;lt;400&amp;gt;.
">
      <![CDATA[java.lang.AssertionError: 1 expectation failed.
Expected status code <200> but was <400>.

at org.codehaus.groovy.runtime.callsite.ConstructorSite$ConstructorSiteNoUnwrap.callConstructor(ConstructorSite.java:84)
at org.codehaus.groovy.runtime.callsite.CallSiteArray.defaultCallConstructor(CallSiteArray.java:59)
at org.codehaus.groovy.runtime.callsite.AbstractCallSite.callConstructor(AbstractCallSite.java:238)
at org.codehaus.groovy.runtime.callsite.AbstractCallSite.callConstructor(AbstractCallSite.java:250)
at io.restassured.internal.ResponseSpecificationImpl$HamcrestAssertionClosure.validate(ResponseSpecificationImpl.groovy:494)
at io.restassured.internal.ResponseSpecificationImpl$HamcrestAssertionClosure$validate$1.call(Unknown Source)
at io.restassured.internal.ResponseSpecificationImpl.validateResponseIfRequired(ResponseSpecificationImpl.groovy:656)
at org.codehaus.groovy.runtime.callsite.PogoMetaMethodSite$PogoCachedMethodSiteNoUnwrapNoCoerce.invoke(PogoMetaMethodSite.java:210)
at org.codehaus.groovy.runtime.callsite.PogoMetaMethodSite.callCurrent(PogoMetaMethodSite.java:59)
at org.codehaus.groovy.runtime.callsite.AbstractCallSite.callCurrent(AbstractCallSite.java:169)
at io.restassured.internal.ResponseSpecificationImpl.statusCode(ResponseSpecificationImpl.groovy:125)
at io.restassured.specification.ResponseSpecification$statusCode$0.callCurrent(Unknown Source)
at io.restassured.internal.ResponseSpecificationImpl.statusCode(ResponseSpecificationImpl.groovy:133)
at io.restassured.internal.ValidatableResponseOptionsImpl.statusCode(ValidatableResponseOptionsImpl.java:119)
at Xueqiu.testSearch(Xueqiu.java:26)
... Removed 38 stack frames]]>
    </failure>
  </testcase> <!-- testSearch -->
  <testcase name="create" time="0.343" classname="wework.contact.DepartmentTest"/>
  <testcase name="createByMap" time="0.193" classname="wework.contact.DepartmentTest"/>
  <testcase name="createWithChinese" time="0.158" classname="wework.contact.DepartmentTest"/>
  <testcase name="createWithDup" time="0.37" classname="wework.contact.DepartmentTest"/>
  <testcase name="createWithDup" time="0.339" classname="wework.contact.DepartmentTest"/>
  <testcase name="createWithDup" time="0.354" classname="wework.contact.DepartmentTest"/>
  <testcase name="delete" time="0.474" classname="wework.contact.DepartmentTest"/>
  <testcase name="deleteAll" time="1.784" classname="wework.contact.DepartmentTest"/>
  <testcase name="list" time="0.21" classname="wework.contact.DepartmentTest"/>
  <testcase name="update" time="0.718" classname="wework.contact.DepartmentTest"/>
  <testcase name="get" time="0.422" classname="wework.contact.MemberTest"/>
  <testcase name="memberCreate" time="0.366" classname="wework.contact.MemberTest"/>
  <testcase name="memberCreate" time="0.34" classname="wework.contact.MemberTest"/>
  <testcase name="memberCreate" time="0.409" classname="wework.contact.MemberTest"/>
  <testcase name="memberCreateWithAlias" time="0.336" classname="wework.contact.MemberTest"/>
  <testcase name="memberCreateWithAlias" time="0.306" classname="wework.contact.MemberTest"/>
  <testcase name="memberCreateWithAlias" time="0.338" classname="wework.contact.MemberTest"/>
</testsuite> <!-- 接口测试 -->
