<html>
<head>
<title>TestNG:  接口测试</title>
<link href="../testng.css" rel="stylesheet" type="text/css" />
<link href="../my-testng.css" rel="stylesheet" type="text/css" />

<style type="text/css">
.log { display: none;} 
.stack-trace { display: none;} 
</style>
<script type="text/javascript">
<!--
function flip(e) {
  current = e.style.display;
  if (current == 'block') {
    e.style.display = 'none';
    return 0;
  }
  else {
    e.style.display = 'block';
    return 1;
  }
}

function toggleBox(szDivId, elem, msg1, msg2)
{
  var res = -1;  if (document.getElementById) {
    res = flip(document.getElementById(szDivId));
  }
  else if (document.all) {
    // this is the way old msie versions work
    res = flip(document.all[szDivId]);
  }
  if(elem) {
    if(res == 0) elem.innerHTML = msg1; else elem.innerHTML = msg2;
  }

}

function toggleAllBoxes() {
  if (document.getElementsByTagName) {
    d = document.getElementsByTagName('div');
    for (i = 0; i < d.length; i++) {
      if (d[i].className == 'log') {
        flip(d[i]);
      }
    }
  }
}

// -->
</script>

</head>
<body>
<h2 align='center'>接口测试</h2><table border='1' align="center">
<tr>
<td>Tests passed/Failed/Skipped:</td><td>20/1/0</td>
</tr><tr>
<td>Started on:</td><td>Thu Sep 05 18:38:10 CST 2019</td>
</tr>
<tr><td>Total time:</td><td>12 seconds (12831 ms)</td>
</tr><tr>
<td>Included groups:</td><td></td>
</tr><tr>
<td>Excluded groups:</td><td></td>
</tr>
</table><p/>
<small><i>(Hover the method name to see the test class name)</i></small><p/>
<table width='100%' border='1' class='invocation-failed'>
<tr><td colspan='4' align='center'><b>FAILED TESTS</b></td></tr>
<tr><td><b>Test method</b></td>
<td width="30%"><b>Exception</b></td>
<td width="10%"><b>Time (seconds)</b></td>
<td><b>Instance</b></td>
</tr>
<tr>
<td title='Xueqiu.testSearch()'><b>testSearch</b><br>Test class: Xueqiu</td>
<td><div><pre>java.lang.AssertionError: 1 expectation failed.
Expected status code &lt;200&gt; but was &lt;400&gt;.

	at org.codehaus.groovy.runtime.callsite.ConstructorSite$ConstructorSiteNoUnwrap.callConstructor(ConstructorSite.java:84)
	at org.codehaus.groovy.runtime.callsite.CallSiteArray.defaultCallConstructor(CallSiteArray.java:59)
	at org.codehaus.groovy.runtime.callsite.AbstractCallSite.callConstructor(AbstractCallSite.java:238)
	at org.codehaus.groovy.runtime.callsite.AbstractCallSite.callConstructor(AbstractCallSite.java:250)
	at io.restassured.internal.ResponseSpecificationImpl$HamcrestAssertionClosure.validate(ResponseSpecificationImpl.groovy:494)
	at io.restassured.internal.ResponseSpecificationImpl$HamcrestAssertionClosure$validate$1.call(Unknown Source)
	at io.restassured.internal.ResponseSpecificationImpl.validateResponseIfRequired(ResponseSpecificationImpl.groovy:656)
	at org.codehaus.groovy.runtime.callsite.PogoMetaMethodSite$PogoCachedMethodSiteNoUnwrapNoCoerce.invoke(PogoMetaMethodSite.java:210)
	at org.codehaus.groovy.runtime.callsite.PogoMetaMethodSite.callCurrent(PogoMetaMethodSite.java:59)
	at org.codehaus.groovy.runtime.callsite.AbstractCallSite.callCurrent(AbstractCallSite.java:169)
	at io.restassured.internal.ResponseSpecificationImpl.statusCode(ResponseSpecificationImpl.groovy:125)
	at io.restassured.specification.ResponseSpecification$statusCode$0.callCurrent(Unknown Source)
	at io.restassured.internal.ResponseSpecificationImpl.statusCode(ResponseSpecificationImpl.groovy:133)
	at io.restassured.internal.ValidatableResponseOptionsImpl.statusCode(ValidatableResponseOptionsImpl.java:119)
	at Xueqiu.testSearch(Xueqiu.java:26)
... Removed 38 stack frames</pre></div><a href='#' onClick='toggleBox("stack-trace43581206", this, "Click to show all stack frames", "Click to hide stack frames")'>Click to show all stack frames</a>
<div class='stack-trace' id='stack-trace43581206'><pre>java.lang.AssertionError: 1 expectation failed.
Expected status code &lt;200&gt; but was &lt;400&gt;.

	at sun.reflect.NativeConstructorAccessorImpl.newInstance0(Native Method)
	at sun.reflect.NativeConstructorAccessorImpl.newInstance(NativeConstructorAccessorImpl.java:62)
	at sun.reflect.DelegatingConstructorAccessorImpl.newInstance(DelegatingConstructorAccessorImpl.java:45)
	at java.lang.reflect.Constructor.newInstance(Constructor.java:423)
	at org.codehaus.groovy.reflection.CachedConstructor.invoke(CachedConstructor.java:83)
	at org.codehaus.groovy.reflection.CachedConstructor.doConstructorInvoke(CachedConstructor.java:77)
	at org.codehaus.groovy.runtime.callsite.ConstructorSite$ConstructorSiteNoUnwrap.callConstructor(ConstructorSite.java:84)
	at org.codehaus.groovy.runtime.callsite.CallSiteArray.defaultCallConstructor(CallSiteArray.java:59)
	at org.codehaus.groovy.runtime.callsite.AbstractCallSite.callConstructor(AbstractCallSite.java:238)
	at org.codehaus.groovy.runtime.callsite.AbstractCallSite.callConstructor(AbstractCallSite.java:250)
	at io.restassured.internal.ResponseSpecificationImpl$HamcrestAssertionClosure.validate(ResponseSpecificationImpl.groovy:494)
	at io.restassured.internal.ResponseSpecificationImpl$HamcrestAssertionClosure$validate$1.call(Unknown Source)
	at io.restassured.internal.ResponseSpecificationImpl.validateResponseIfRequired(ResponseSpecificationImpl.groovy:656)
	at sun.reflect.NativeMethodAccessorImpl.invoke0(Native Method)
	at sun.reflect.NativeMethodAccessorImpl.invoke(NativeMethodAccessorImpl.java:62)
	at sun.reflect.DelegatingMethodAccessorImpl.invoke(DelegatingMethodAccessorImpl.java:43)
	at java.lang.reflect.Method.invoke(Method.java:498)
	at org.codehaus.groovy.runtime.callsite.PogoMetaMethodSite$PogoCachedMethodSiteNoUnwrapNoCoerce.invoke(PogoMetaMethodSite.java:210)
	at org.codehaus.groovy.runtime.callsite.PogoMetaMethodSite.callCurrent(PogoMetaMethodSite.java:59)
	at org.codehaus.groovy.runtime.callsite.AbstractCallSite.callCurrent(AbstractCallSite.java:169)
	at io.restassured.internal.ResponseSpecificationImpl.statusCode(ResponseSpecificationImpl.groovy:125)
	at io.restassured.specification.ResponseSpecification$statusCode$0.callCurrent(Unknown Source)
	at io.restassured.internal.ResponseSpecificationImpl.statusCode(ResponseSpecificationImpl.groovy:133)
	at io.restassured.internal.ValidatableResponseOptionsImpl.statusCode(ValidatableResponseOptionsImpl.java:119)
	at Xueqiu.testSearch(Xueqiu.java:26)
	at sun.reflect.NativeMethodAccessorImpl.invoke0(Native Method)
	at sun.reflect.NativeMethodAccessorImpl.invoke(NativeMethodAccessorImpl.java:62)
	at sun.reflect.DelegatingMethodAccessorImpl.invoke(DelegatingMethodAccessorImpl.java:43)
	at java.lang.reflect.Method.invoke(Method.java:498)
	at org.testng.internal.MethodInvocationHelper.invokeMethod(MethodInvocationHelper.java:124)
	at org.testng.internal.Invoker.invokeMethod(Invoker.java:583)
	at org.testng.internal.Invoker.invokeTestMethod(Invoker.java:719)
	at org.testng.internal.Invoker.invokeTestMethods(Invoker.java:989)
	at org.testng.internal.TestMethodWorker.invokeTestMethods(TestMethodWorker.java:125)
	at org.testng.internal.TestMethodWorker.run(TestMethodWorker.java:109)
	at org.testng.TestRunner.privateRun(TestRunner.java:648)
	at org.testng.TestRunner.run(TestRunner.java:505)
	at org.testng.SuiteRunner.runTest(SuiteRunner.java:455)
	at org.testng.SuiteRunner.runSequentially(SuiteRunner.java:450)
	at org.testng.SuiteRunner.privateRun(SuiteRunner.java:415)
	at org.testng.SuiteRunner.run(SuiteRunner.java:364)
	at org.testng.SuiteRunnerWorker.runSuite(SuiteRunnerWorker.java:52)
	at org.testng.SuiteRunnerWorker.run(SuiteRunnerWorker.java:84)
	at org.testng.TestNG.runSuitesSequentially(TestNG.java:1208)
	at org.testng.TestNG.runSuitesLocally(TestNG.java:1137)
	at org.testng.TestNG.runSuites(TestNG.java:1049)
	at org.testng.TestNG.run(TestNG.java:1017)
	at org.apache.maven.surefire.testng.TestNGExecutor.run(TestNGExecutor.java:283)
	at org.apache.maven.surefire.testng.TestNGXmlTestSuite.execute(TestNGXmlTestSuite.java:75)
	at org.apache.maven.surefire.testng.TestNGProvider.invoke(TestNGProvider.java:120)
	at org.apache.maven.surefire.booter.ForkedBooter.invokeProviderInSameClassLoader(ForkedBooter.java:386)
	at org.apache.maven.surefire.booter.ForkedBooter.runSuitesInProcess(ForkedBooter.java:323)
	at org.apache.maven.surefire.booter.ForkedBooter.main(ForkedBooter.java:143)
</pre></div></td>
<td>0</td>
<td>Xueqiu@55ecbafe</td></tr>
</table><p>
<table width='100%' border='1' class='invocation-passed'>
<tr><td colspan='4' align='center'><b>PASSED TESTS</b></td></tr>
<tr><td><b>Test method</b></td>
<td width="30%"><b>Exception</b></td>
<td width="10%"><b>Time (seconds)</b></td>
<td><b>Instance</b></td>
</tr>
<tr>
<td title='wework.contact.DepartmentTest.create()'><b>create</b><br>Test class: wework.contact.DepartmentTest</td>
<td></td>
<td>0</td>
<td>wework.contact.DepartmentTest@5a8ba37c</td></tr>
<tr>
<td title='wework.contact.DepartmentTest.createByMap()'><b>createByMap</b><br>Test class: wework.contact.DepartmentTest</td>
<td></td>
<td>0</td>
<td>wework.contact.DepartmentTest@5a8ba37c</td></tr>
<tr>
<td title='wework.contact.DepartmentTest.createWithChinese()'><b>createWithChinese</b><br>Test class: wework.contact.DepartmentTest</td>
<td></td>
<td>0</td>
<td>wework.contact.DepartmentTest@5a8ba37c</td></tr>
<tr>
<td title='wework.contact.DepartmentTest.createWithDup()'><b>createWithDup</b><br>Test class: wework.contact.DepartmentTest<br>Parameters: dump1_, 60008</td>
<td></td>
<td>0</td>
<td>wework.contact.DepartmentTest@5a8ba37c</td></tr>
<tr>
<td title='wework.contact.DepartmentTest.createWithDup()'><b>createWithDup</b><br>Test class: wework.contact.DepartmentTest<br>Parameters: dump2_, 60008</td>
<td></td>
<td>0</td>
<td>wework.contact.DepartmentTest@5a8ba37c</td></tr>
<tr>
<td title='wework.contact.DepartmentTest.createWithDup()'><b>createWithDup</b><br>Test class: wework.contact.DepartmentTest<br>Parameters: dump3_, 60008</td>
<td></td>
<td>0</td>
<td>wework.contact.DepartmentTest@5a8ba37c</td></tr>
<tr>
<td title='wework.contact.DepartmentTest.delete()'><b>delete</b><br>Test class: wework.contact.DepartmentTest</td>
<td></td>
<td>0</td>
<td>wework.contact.DepartmentTest@5a8ba37c</td></tr>
<tr>
<td title='wework.contact.DepartmentTest.deleteAll()'><b>deleteAll</b><br>Test class: wework.contact.DepartmentTest</td>
<td></td>
<td>1</td>
<td>wework.contact.DepartmentTest@5a8ba37c</td></tr>
<tr>
<td title='wework.contact.MemberTest.get()'><b>get</b><br>Test class: wework.contact.MemberTest</td>
<td></td>
<td>0</td>
<td>wework.contact.MemberTest@37c2eacb</td></tr>
<tr>
<td title='wework.contact.DepartmentTest.list()'><b>list</b><br>Test class: wework.contact.DepartmentTest</td>
<td></td>
<td>0</td>
<td>wework.contact.DepartmentTest@5a8ba37c</td></tr>
<tr>
<td title='wework.contact.MemberTest.memberCreate()'><b>memberCreate</b><br>Test class: wework.contact.MemberTest<br>Parameters: hjp_</td>
<td></td>
<td>0</td>
<td>wework.contact.MemberTest@37c2eacb</td></tr>
<tr>
<td title='wework.contact.MemberTest.memberCreate()'><b>memberCreate</b><br>Test class: wework.contact.MemberTest<br>Parameters: zp_</td>
<td></td>
<td>0</td>
<td>wework.contact.MemberTest@37c2eacb</td></tr>
<tr>
<td title='wework.contact.MemberTest.memberCreate()'><b>memberCreate</b><br>Test class: wework.contact.MemberTest<br>Parameters: love_</td>
<td></td>
<td>0</td>
<td>wework.contact.MemberTest@37c2eacb</td></tr>
<tr>
<td title='wework.contact.MemberTest.memberCreateWithAlias()'><b>memberCreateWithAlias</b><br>Test class: wework.contact.MemberTest<br>Parameters: a1_, hjp_alias_</td>
<td></td>
<td>0</td>
<td>wework.contact.MemberTest@37c2eacb</td></tr>
<tr>
<td title='wework.contact.MemberTest.memberCreateWithAlias()'><b>memberCreateWithAlias</b><br>Test class: wework.contact.MemberTest<br>Parameters: a2_, zp_alias_</td>
<td></td>
<td>0</td>
<td>wework.contact.MemberTest@37c2eacb</td></tr>
<tr>
<td title='wework.contact.MemberTest.memberCreateWithAlias()'><b>memberCreateWithAlias</b><br>Test class: wework.contact.MemberTest<br>Parameters: a3_, love_alias_</td>
<td></td>
<td>0</td>
<td>wework.contact.MemberTest@37c2eacb</td></tr>
<tr>
<td title='Baidu.testGetHtml()'><b>testGetHtml</b><br>Test class: Baidu</td>
<td></td>
<td>2</td>
<td>Baidu@6e106680</td></tr>
<tr>
<td title='Baidu.testMp3()'><b>testMp3</b><br>Test class: Baidu</td>
<td></td>
<td>0</td>
<td>Baidu@6e106680</td></tr>
<tr>
<td title='TestGetToken.testToken()'><b>testToken</b><br>Test class: TestGetToken</td>
<td></td>
<td>1</td>
<td>TestGetToken@576c5536</td></tr>
<tr>
<td title='wework.contact.DepartmentTest.update()'><b>update</b><br>Test class: wework.contact.DepartmentTest</td>
<td></td>
<td>0</td>
<td>wework.contact.DepartmentTest@5a8ba37c</td></tr>
</table><p>
</body>
</html>